app/build/outputs/logs/manifest-merger-debug-report.txt
-- Merging decision tree log ---
manifest
ADDED from src/main/AndroidManifest.xml:2:1-146:12
	package
		ADDED from src/main/AndroidManifest.xml:3:5-44
		INJECTED from src/main/AndroidManifest.xml
		INJECTED from src/main/AndroidManifest.xml
	android:versionName
		INJECTED from src/main/AndroidManifest.xml
		INJECTED from src/main/AndroidManifest.xml
	xmlns:android
		ADDED from src/main/AndroidManifest.xml:2:11-69
	android:versionCode
		INJECTED from src/main/AndroidManifest.xml
		INJECTED from src/main/AndroidManifest.xml
uses-feature#0x00020000
ADDED from src/main/AndroidManifest.xml:5:5-7:35
	android:glEsVersion
		ADDED from src/main/AndroidManifest.xml:6:9-41
	android:required
		ADDED from src/main/AndroidManifest.xml:7:9-32
uses-permission#com.google.android.providers.gsf.permission.READ_GSERVICES
ADDED from src/main/AndroidManifest.xml:9:5-98
	android:name
		ADDED from src/main/AndroidManifest.xml:9:22-95
uses-permission#android.permission.ACCESS_NETWORK_STATE
ADDED from src/main/AndroidManifest.xml:10:5-79
	android:name
		ADDED from src/main/AndroidManifest.xml:10:22-76
uses-permission#android.permission.INTERNET
ADDED from src/main/AndroidManifest.xml:11:5-67
	android:name
		ADDED from src/main/AndroidManifest.xml:11:22-64
uses-permission#android.permission.ACCESS_FINE_LOCATION
ADDED from src/main/AndroidManifest.xml:12:5-79
	android:name
		ADDED from src/main/AndroidManifest.xml:12:22-76
uses-permission#android.permission.ACCESS_COARSE_LOCATION
ADDED from src/main/AndroidManifest.xml:13:5-81
	android:name
		ADDED from src/main/AndroidManifest.xml:13:22-78
uses-permission#android.permission.READ_EXTERNAL_STORAGE
ADDED from src/main/AndroidManifest.xml:14:5-80
	android:name
		ADDED from src/main/AndroidManifest.xml:14:22-77
uses-permission#android.permission.WRITE_EXTERNAL_STORAGE
ADDED from src/main/AndroidManifest.xml:15:5-81
	android:name
		ADDED from src/main/AndroidManifest.xml:15:22-78
uses-permission#android.permission.CALL_PHONE
ADDED from src/main/AndroidManifest.xml:16:5-69
	android:name
		ADDED from src/main/AndroidManifest.xml:16:22-66
uses-permission#android.permission.SEND_SMS
ADDED from src/main/AndroidManifest.xml:17:5-67
	android:name
		ADDED from src/main/AndroidManifest.xml:17:22-64
application
ADDED from src/main/AndroidManifest.xml:19:5-144:19
MERGED from [com.android.support:cardview-v7:23.0.1] AndroidManifest.xml:22:5-20
MERGED from [com.google.android.gms:play-services-appindexing:8.4.0] AndroidManifest.xml:19:5-20
MERGED from [com.google.android.gms:play-services-basement:8.4.0] AndroidManifest.xml:20:5-24:19
MERGED from [com.miguelcatalan:materialsearchview:1.4.0] AndroidManifest.xml:11:5-20
MERGED from [com.android.support:design:23.1.1] AndroidManifest.xml:22:5-20
MERGED from [com.android.support:appcompat-v7:23.1.1] AndroidManifest.xml:22:5-20
MERGED from [com.android.support:support-v4:23.1.1] AndroidManifest.xml:22:5-20
MERGED from [com.android.volley:volley:1.0.0] AndroidManifest.xml:9:5-20
	android:label
		ADDED from src/main/AndroidManifest.xml:22:9-41
	android:supportsRtl
		ADDED from src/main/AndroidManifest.xml:23:9-35
	android:allowBackup
		ADDED from src/main/AndroidManifest.xml:20:9-35
	android:icon
		ADDED from src/main/AndroidManifest.xml:21:9-40
	android:theme
		ADDED from src/main/AndroidManifest.xml:24:9-40
activity#com.example.shiro.careersmart.LandingPage
ADDED from src/main/AndroidManifest.xml:25:9-33:20
	android:theme
		ADDED from src/main/AndroidManifest.xml:27:13-56
	android:name
		ADDED from src/main/AndroidManifest.xml:26:13-40
intent-filter#android.intent.action.MAIN+android.intent.category.LAUNCHER
ADDED from src/main/AndroidManifest.xml:28:13-32:29
action#android.intent.action.MAIN
ADDED from src/main/AndroidManifest.xml:29:17-69
	android:name
		ADDED from src/main/AndroidManifest.xml:29:25-66
category#android.intent.category.LAUNCHER
ADDED from src/main/AndroidManifest.xml:31:17-77
	android:name
		ADDED from src/main/AndroidManifest.xml:31:27-74
activity#com.example.shiro.careersmart.SplashScreen
ADDED from src/main/AndroidManifest.xml:34:9-37:59
	android:label
		ADDED from src/main/AndroidManifest.xml:36:13-45
	android:theme
		ADDED from src/main/AndroidManifest.xml:37:13-56
	android:name
		ADDED from src/main/AndroidManifest.xml:35:13-41
activity#com.example.shiro.careersmart.Realistic
ADDED from src/main/AndroidManifest.xml:38:9-47:20
	android:label
		ADDED from src/main/AndroidManifest.xml:40:13-61
	android:theme
		ADDED from src/main/AndroidManifest.xml:41:13-56
	android:name
		ADDED from src/main/AndroidManifest.xml:39:13-38
intent-filter#android.intent.category.DEFAULT+package.Realistic
ADDED from src/main/AndroidManifest.xml:42:13-46:29
action#package.Realistic
ADDED from src/main/AndroidManifest.xml:43:17-60
	android:name
		ADDED from src/main/AndroidManifest.xml:43:25-57
category#android.intent.category.DEFAULT
ADDED from src/main/AndroidManifest.xml:45:17-76
	android:name
		ADDED from src/main/AndroidManifest.xml:45:27-73
activity#com.example.shiro.careersmart.Artistic
ADDED from src/main/AndroidManifest.xml:48:9-51:59
	android:label
		ADDED from src/main/AndroidManifest.xml:50:13-60
	android:theme
		ADDED from src/main/AndroidManifest.xml:51:13-56
	android:name
		ADDED from src/main/AndroidManifest.xml:49:13-37
activity#com.example.shiro.careersmart.Investigative
ADDED from src/main/AndroidManifest.xml:52:9-55:59
	android:label
		ADDED from src/main/AndroidManifest.xml:54:13-65
	android:theme
		ADDED from src/main/AndroidManifest.xml:55:13-56
	android:name
		ADDED from src/main/AndroidManifest.xml:53:13-42
activity#com.example.shiro.careersmart.Social
ADDED from src/main/AndroidManifest.xml:56:9-59:59
	android:label
		ADDED from src/main/AndroidManifest.xml:58:13-58
	android:theme
		ADDED from src/main/AndroidManifest.xml:59:13-56
	android:name
		ADDED from src/main/AndroidManifest.xml:57:13-35
activity#com.example.shiro.careersmart.Entreprenural
ADDED from src/main/AndroidManifest.xml:60:9-63:59
	android:label
		ADDED from src/main/AndroidManifest.xml:62:13-65
	android:theme
		ADDED from src/main/AndroidManifest.xml:63:13-56
	android:name
		ADDED from src/main/AndroidManifest.xml:61:13-42
activity#com.example.shiro.careersmart.Conventional
ADDED from src/main/AndroidManifest.xml:64:9-67:59
	android:label
		ADDED from src/main/AndroidManifest.xml:66:13-64
	android:theme
		ADDED from src/main/AndroidManifest.xml:67:13-56
	android:name
		ADDED from src/main/AndroidManifest.xml:65:13-41
activity#com.example.shiro.careersmart.Score
ADDED from src/main/AndroidManifest.xml:68:9-71:59
	android:label
		ADDED from src/main/AndroidManifest.xml:70:13-57
	android:theme
		ADDED from src/main/AndroidManifest.xml:71:13-56
	android:name
		ADDED from src/main/AndroidManifest.xml:69:13-34
activity#com.example.shiro.careersmart.Careers
ADDED from src/main/AndroidManifest.xml:93:9-107:20
	android:screenOrientation
		ADDED from src/main/AndroidManifest.xml:96:13-49
	android:configChanges
		ADDED from src/main/AndroidManifest.xml:95:13-48
	android:theme
		ADDED from src/main/AndroidManifest.xml:97:13-56
	android:name
		ADDED from src/main/AndroidManifest.xml:94:13-36
intent-filter#android.intent.action.SEARCH
ADDED from src/main/AndroidManifest.xml:100:13-102:29
action#android.intent.action.SEARCH
ADDED from src/main/AndroidManifest.xml:101:17-71
	android:name
		ADDED from src/main/AndroidManifest.xml:101:25-68
meta-data#android.app.searchable
ADDED from src/main/AndroidManifest.xml:104:13-106:64
	android:resource
		ADDED from src/main/AndroidManifest.xml:106:17-51
	android:name
		ADDED from src/main/AndroidManifest.xml:105:17-54
activity#com.example.shiro.careersmart.Mentors
ADDED from src/main/AndroidManifest.xml:108:9-111:68
	android:label
		ADDED from src/main/AndroidManifest.xml:110:13-59
	android:theme
		ADDED from src/main/AndroidManifest.xml:111:13-56
	android:name
		ADDED from src/main/AndroidManifest.xml:109:13-36
activity#com.example.shiro.careersmart.Knowyou
ADDED from src/main/AndroidManifest.xml:112:9-115:59
	android:label
		ADDED from src/main/AndroidManifest.xml:114:13-59
	android:theme
		ADDED from src/main/AndroidManifest.xml:115:13-56
	android:name
		ADDED from src/main/AndroidManifest.xml:113:13-36
activity#com.example.shiro.careersmart.Yourcareer
ADDED from src/main/AndroidManifest.xml:116:9-119:59
	android:label
		ADDED from src/main/AndroidManifest.xml:118:13-62
	android:theme
		ADDED from src/main/AndroidManifest.xml:119:13-56
	android:name
		ADDED from src/main/AndroidManifest.xml:117:13-39
activity#com.example.shiro.careersmart.MentorDetails
ADDED from src/main/AndroidManifest.xml:120:9-123:59
	android:label
		ADDED from src/main/AndroidManifest.xml:122:13-66
	android:theme
		ADDED from src/main/AndroidManifest.xml:123:13-56
	android:name
		ADDED from src/main/AndroidManifest.xml:121:13-42
activity#com.example.shiro.careersmart.OtherCareers
ADDED from src/main/AndroidManifest.xml:124:9-127:59
	android:label
		ADDED from src/main/AndroidManifest.xml:126:13-65
	android:theme
		ADDED from src/main/AndroidManifest.xml:127:13-56
	android:name
		ADDED from src/main/AndroidManifest.xml:125:13-41
meta-data#com.google.android.gms.version
ADDED from src/main/AndroidManifest.xml:132:9-134:69
MERGED from [com.google.android.gms:play-services-basement:8.4.0] AndroidManifest.xml:21:9-23:69
	android:value
		ADDED from src/main/AndroidManifest.xml:134:13-66
	android:name
		ADDED from src/main/AndroidManifest.xml:133:13-58
activity#com.example.shiro.careersmart.NavActivity
ADDED from src/main/AndroidManifest.xml:136:9-139:68
	android:label
		ADDED from src/main/AndroidManifest.xml:138:13-34
	android:theme
		ADDED from src/main/AndroidManifest.xml:139:13-56
	android:name
		ADDED from src/main/AndroidManifest.xml:137:13-40
activity#com.example.shiro.careersmart.OtherCareerPossibilities
ADDED from src/main/AndroidManifest.xml:140:9-143:68
	android:label
		ADDED from src/main/AndroidManifest.xml:142:13-78
	android:theme
		ADDED from src/main/AndroidManifest.xml:143:13-56
	android:name
		ADDED from src/main/AndroidManifest.xml:141:13-53
uses-sdk
INJECTED from src/main/AndroidManifest.xml reason: use-sdk injection requested
MERGED from [com.android.support:cardview-v7:23.0.1] AndroidManifest.xml:20:5-43
MERGED from [com.google.android.gms:play-services-appindexing:8.4.0] AndroidManifest.xml:18:5-42
MERGED from [com.google.android.gms:play-services-base:8.4.0] AndroidManifest.xml:18:5-42
MERGED from [com.google.android.gms:play-services-basement:8.4.0] AndroidManifest.xml:18:5-42
MERGED from [de.cketti.mailto:email-intent-builder:1.0.0] AndroidManifest.xml:6:5-43
MERGED from [com.miguelcatalan:materialsearchview:1.4.0] AndroidManifest.xml:7:5-9:41
MERGED from [com.android.support:design:23.1.1] AndroidManifest.xml:20:5-43
MERGED from [com.android.support:appcompat-v7:23.1.1] AndroidManifest.xml:20:5-43
MERGED from [com.android.support:recyclerview-v7:23.1.1] AndroidManifest.xml:20:5-43
MERGED from [com.android.support:support-v4:23.1.1] AndroidManifest.xml:20:5-43
MERGED from [com.android.volley:volley:1.0.0] AndroidManifest.xml:7:5-43
	android:targetSdkVersion
		INJECTED from src/main/AndroidManifest.xml
		INJECTED from src/main/AndroidManifest.xml
	android:minSdkVersion
		INJECTED from src/main/AndroidManifest.xml
		INJECTED from src/main/AndroidManifest.xml